1-14-2026 15:40:15 - log: Load engine in /Applications/Cocos/Creator/3.8.8/CocosCreator.app/Contents/Resources/resources/3d/engine
1-14-2026 15:40:15 - log: Register native engine in /Applications/Cocos/Creator/3.8.8/CocosCreator.app/Contents/Resources/resources/3d/engine/native
1-14-2026 15:40:16 - log: Request namespace: device-list
1-14-2026 15:40:20 - info: [PreviewInEditor] 预览环境初始化完毕
1-14-2026 15:40:20 - log: [Scene] meshopt wasm decoder initialized
1-14-2026 15:40:20 - log: [Scene] [box2d]:box2d wasm lib loaded.
1-14-2026 15:40:20 - log: [Scene] [bullet]:bullet wasm lib loaded.
1-14-2026 15:40:20 - log: [Scene] [PHYSICS]: using builtin.
1-14-2026 15:40:20 - log: [Scene] Cocos Creator v3.8.8
1-14-2026 15:40:20 - log: [Scene] Using custom pipeline: Builtin
1-14-2026 16:01:25 - info: [Window] Download the Vue Devtools extension for a better development experience:
https://github.com/vuejs/vue-devtools
1-14-2026 16:01:25 - info: [Window] You are running Vue in development mode.
Make sure to turn on production mode when deploying for production.
See more tips at https://vuejs.org/guide/deployment.html
1-14-2026 16:03:24 - warn: A panel(builder) is currently open. Please try again later.
1-14-2026 16:03:27 - info: [Window] Download the Vue Devtools extension for a better development experience:
https://github.com/vuejs/vue-devtools
1-14-2026 16:03:27 - info: [Window] You are running Vue in development mode.
Make sure to turn on production mode when deploying for production.
See more tips at https://vuejs.org/guide/deployment.html
