2026-1-14 15:40:17-log: Cannot access game frame or container.
2026-1-14 15:40:18-debug: asset-db:require-engine-code (479ms)
2026-1-14 15:40:18-log: meshopt wasm decoder initialized
2026-1-14 15:40:18-log: [bullet]:bullet wasm lib loaded.
2026-1-14 15:40:18-log: [box2d]:box2d wasm lib loaded.
2026-1-14 15:40:18-log: Cocos Creator v3.8.8
2026-1-14 15:40:18-log: Using legacy pipeline
2026-1-14 15:40:18-log: Forward render pipeline initialized.
2026-1-14 15:40:18-debug: [Assets Memory track]: asset-db:worker-init: initEngine start:30.49MB, end 79.16MB, increase: 48.68MB
2026-1-14 15:40:19-debug: [Assets Memory track]: asset-db:worker-init: initPlugin start:79.26MB, end 342.42MB, increase: 263.16MB
2026-1-14 15:40:19-debug: run package(huawei-quick-game) handler(enable) start
2026-1-14 15:40:19-debug: run package(linux) handler(enable) start
2026-1-14 15:40:19-debug: run package(linux) handler(enable) success!
2026-1-14 15:40:19-debug: run package(mac) handler(enable) start
2026-1-14 15:40:19-debug: run package(mac) handler(enable) success!
2026-1-14 15:40:19-debug: run package(migu-mini-game) handler(enable) start
2026-1-14 15:40:19-debug: run package(migu-mini-game) handler(enable) success!
2026-1-14 15:40:19-debug: run package(native) handler(enable) start
2026-1-14 15:40:19-debug: run package(native) handler(enable) success!
2026-1-14 15:40:19-debug: run package(ohos) handler(enable) start
2026-1-14 15:40:19-debug: run package(ohos) handler(enable) success!
2026-1-14 15:40:19-debug: run package(oppo-mini-game) handler(enable) start
2026-1-14 15:40:19-debug: run package(oppo-mini-game) handler(enable) success!
2026-1-14 15:40:19-debug: run package(runtime-dev-tools) handler(enable) start
2026-1-14 15:40:19-debug: run package(runtime-dev-tools) handler(enable) success!
2026-1-14 15:40:19-debug: run package(taobao-mini-game) handler(enable) success!
2026-1-14 15:40:19-debug: run package(taobao-mini-game) handler(enable) start
2026-1-14 15:40:19-debug: run package(vivo-mini-game) handler(enable) start
2026-1-14 15:40:19-debug: run package(vivo-mini-game) handler(enable) success!
2026-1-14 15:40:19-debug: run package(web-desktop) handler(enable) start
2026-1-14 15:40:19-debug: run package(web-desktop) handler(enable) success!
2026-1-14 15:40:19-debug: run package(web-mobile) handler(enable) start
2026-1-14 15:40:19-debug: run package(web-mobile) handler(enable) success!
2026-1-14 15:40:19-debug: run package(wechatgame) handler(enable) start
2026-1-14 15:40:19-debug: run package(wechatgame) handler(enable) success!
2026-1-14 15:40:19-debug: run package(ios) handler(enable) start
2026-1-14 15:40:19-debug: run package(ios) handler(enable) success!
2026-1-14 15:40:19-debug: run package(wechatprogram) handler(enable) success!
2026-1-14 15:40:19-debug: run package(windows) handler(enable) success!
2026-1-14 15:40:19-debug: run package(xiaomi-quick-game) handler(enable) start
2026-1-14 15:40:19-debug: run package(xiaomi-quick-game) handler(enable) success!
2026-1-14 15:40:19-debug: run package(cocos-service) handler(enable) start
2026-1-14 15:40:19-debug: run package(cocos-service) handler(enable) success!
2026-1-14 15:40:19-debug: run package(im-plugin) handler(enable) start
2026-1-14 15:40:19-debug: run package(wechatprogram) handler(enable) start
2026-1-14 15:40:19-debug: run package(im-plugin) handler(enable) success!
2026-1-14 15:40:19-debug: run package(windows) handler(enable) start
2026-1-14 15:40:19-debug: run package(placeholder) handler(enable) start
2026-1-14 15:40:19-debug: run package(placeholder) handler(enable) success!
2026-1-14 15:40:19-debug: asset-db:worker-init: initPlugin (1185ms)
2026-1-14 15:40:19-debug: run package(huawei-quick-game) handler(enable) success!
2026-1-14 15:40:19-debug: [Assets Memory track]: asset-db:worker-init start:30.48MB, end 342.50MB, increase: 312.02MB
2026-1-14 15:40:19-debug: Run asset db hook programming:beforePreStart ...
2026-1-14 15:40:19-debug: Run asset db hook programming:beforePreStart success!
2026-1-14 15:40:19-debug: Run asset db hook engine-extends:beforePreStart ...
2026-1-14 15:40:19-debug: Run asset db hook engine-extends:beforePreStart success!
2026-1-14 15:40:19-debug: asset-db:worker-init (1770ms)
2026-1-14 15:40:19-debug: asset-db-hook-engine-extends-beforePreStart (47ms)
2026-1-14 15:40:19-debug: asset-db-hook-programming-beforePreStart (47ms)
2026-1-14 15:40:19-debug: Preimport db internal success
2026-1-14 15:40:19-debug: Preimport db assets success
2026-1-14 15:40:19-debug: Run asset db hook programming:afterPreStart ...
2026-1-14 15:40:19-debug: starting packer-driver...
2026-1-14 15:40:19-debug: initialize scripting environment...
2026-1-14 15:40:19-debug: [[Executor]] prepare before lock
2026-1-14 15:40:19-debug: Set detail map pack:///resolution-detail-map.json: {}
2026-1-14 15:40:19-debug: [[Executor]] prepare after unlock
2026-1-14 15:40:19-debug: Run asset db hook engine-extends:afterPreStart success!
2026-1-14 15:40:19-debug: Start up the 'internal' database...
2026-1-14 15:40:19-debug: Run asset db hook engine-extends:afterPreStart ...
2026-1-14 15:40:19-debug: Run asset db hook programming:afterPreStart success!
2026-1-14 15:40:19-debug: [Assets Memory track]: asset-db:worker-init: preStart start:342.51MB, end 344.23MB, increase: 1.72MB
2026-1-14 15:40:19-debug: asset-db-hook-programming-afterPreStart (362ms)
2026-1-14 15:40:19-debug: asset-db:worker-effect-data-processing (197ms)
2026-1-14 15:40:19-debug: asset-db-hook-engine-extends-afterPreStart (197ms)
2026-1-14 15:40:19-debug: Run asset db hook engine-extends:afterStartDB ...
2026-1-14 15:40:20-debug: Run asset db hook engine-extends:afterStartDB success!
2026-1-14 15:40:20-debug: recompile effect.bin success
2026-1-14 15:40:20-debug: Start up the 'assets' database...
2026-1-14 15:40:20-debug: asset-db:worker-effect-data-processing (232ms)
2026-1-14 15:40:20-debug: asset-db-hook-engine-extends-afterStartDB (232ms)
2026-1-14 15:40:20-debug: Run asset db hook engine-extends:afterStartDB ...
2026-1-14 15:40:20-debug: recompile effect.bin success
2026-1-14 15:40:20-debug: Run asset db hook engine-extends:afterStartDB success!
2026-1-14 15:40:20-debug: [Assets Memory track]: asset-db:worker-init: startup start:344.24MB, end 389.22MB, increase: 44.98MB
2026-1-14 15:40:20-debug: lazy register asset handler *
2026-1-14 15:40:20-debug: lazy register asset handler directory
2026-1-14 15:40:20-debug: lazy register asset handler text
2026-1-14 15:40:20-debug: lazy register asset handler json
2026-1-14 15:40:20-debug: lazy register asset handler spine-data
2026-1-14 15:40:20-debug: lazy register asset handler dragonbones
2026-1-14 15:40:20-debug: lazy register asset handler dragonbones-atlas
2026-1-14 15:40:20-debug: lazy register asset handler terrain
2026-1-14 15:40:20-debug: lazy register asset handler javascript
2026-1-14 15:40:20-debug: lazy register asset handler typescript
2026-1-14 15:40:20-debug: lazy register asset handler scene
2026-1-14 15:40:20-debug: lazy register asset handler prefab
2026-1-14 15:40:20-debug: lazy register asset handler sprite-frame
2026-1-14 15:40:20-debug: lazy register asset handler tiled-map
2026-1-14 15:40:20-debug: lazy register asset handler buffer
2026-1-14 15:40:20-debug: lazy register asset handler image
2026-1-14 15:40:20-debug: lazy register asset handler sign-image
2026-1-14 15:40:20-debug: lazy register asset handler alpha-image
2026-1-14 15:40:20-debug: lazy register asset handler texture
2026-1-14 15:40:20-debug: lazy register asset handler texture-cube
2026-1-14 15:40:20-debug: lazy register asset handler erp-texture-cube
2026-1-14 15:40:20-debug: lazy register asset handler render-texture
2026-1-14 15:40:20-debug: lazy register asset handler texture-cube-face
2026-1-14 15:40:20-debug: lazy register asset handler rt-sprite-frame
2026-1-14 15:40:20-debug: lazy register asset handler gltf
2026-1-14 15:40:20-debug: lazy register asset handler gltf-mesh
2026-1-14 15:40:20-debug: lazy register asset handler gltf-animation
2026-1-14 15:40:20-debug: lazy register asset handler gltf-skeleton
2026-1-14 15:40:20-debug: lazy register asset handler gltf-material
2026-1-14 15:40:20-debug: lazy register asset handler gltf-scene
2026-1-14 15:40:20-debug: lazy register asset handler gltf-embeded-image
2026-1-14 15:40:20-debug: lazy register asset handler material
2026-1-14 15:40:20-debug: lazy register asset handler physics-material
2026-1-14 15:40:20-debug: lazy register asset handler effect
2026-1-14 15:40:20-debug: lazy register asset handler effect-header
2026-1-14 15:40:20-debug: lazy register asset handler audio-clip
2026-1-14 15:40:20-debug: lazy register asset handler animation-clip
2026-1-14 15:40:20-debug: lazy register asset handler animation-graph
2026-1-14 15:40:20-debug: lazy register asset handler animation-graph-variant
2026-1-14 15:40:20-debug: lazy register asset handler animation-mask
2026-1-14 15:40:20-debug: lazy register asset handler ttf-font
2026-1-14 15:40:20-debug: lazy register asset handler bitmap-font
2026-1-14 15:40:20-debug: lazy register asset handler particle
2026-1-14 15:40:20-debug: lazy register asset handler sprite-atlas
2026-1-14 15:40:20-debug: lazy register asset handler fbx
2026-1-14 15:40:20-debug: lazy register asset handler label-atlas
2026-1-14 15:40:20-debug: lazy register asset handler render-pipeline
2026-1-14 15:40:20-debug: lazy register asset handler auto-atlas
2026-1-14 15:40:20-debug: lazy register asset handler render-stage
2026-1-14 15:40:20-debug: lazy register asset handler render-flow
2026-1-14 15:40:20-debug: lazy register asset handler instantiation-material
2026-1-14 15:40:20-debug: lazy register asset handler instantiation-mesh
2026-1-14 15:40:20-debug: lazy register asset handler instantiation-skeleton
2026-1-14 15:40:20-debug: lazy register asset handler instantiation-animation
2026-1-14 15:40:20-debug: lazy register asset handler video-clip
2026-1-14 15:40:20-debug: asset-db:worker-effect-data-processing (187ms)
2026-1-14 15:40:20-debug: asset-db-hook-engine-extends-afterStartDB (187ms)
2026-1-14 15:40:20-debug: asset-db:ready (4028ms)
2026-1-14 15:40:20-debug: asset-db:start-database (904ms)
2026-1-14 15:40:20-debug: init worker message success
2026-1-14 15:40:20-debug: programming:execute-script (4ms)
2026-1-14 15:40:20-debug: [Build Memory track]: builder:worker-init start:385.52MB, end 397.35MB, increase: 11.83MB
2026-1-14 15:40:20-debug: builder:worker-init (199ms)
2026-1-14 15:52:42-debug: refresh db internal success
2026-1-14 15:52:42-debug: refresh db assets success
2026-1-14 15:52:42-debug: Run asset db hook engine-extends:afterRefresh ...
2026-1-14 15:52:42-debug: Run asset db hook engine-extends:afterRefresh success!
2026-1-14 15:52:42-debug: asset-db:refresh-all-database (125ms)
2026-1-14 15:52:42-debug: asset-db:worker-effect-data-processing (2ms)
2026-1-14 15:52:42-debug: asset-db-hook-engine-extends-afterRefresh (3ms)
2026-1-14 15:53:42-debug: refresh db internal success
2026-1-14 15:53:42-debug: refresh db assets success
2026-1-14 15:53:42-debug: Run asset db hook engine-extends:afterRefresh ...
2026-1-14 15:53:42-debug: Run asset db hook engine-extends:afterRefresh success!
2026-1-14 15:53:42-debug: asset-db:refresh-all-database (108ms)
2026-1-14 15:53:42-debug: asset-db:worker-effect-data-processing (2ms)
2026-1-14 15:53:42-debug: asset-db-hook-engine-extends-afterRefresh (3ms)
2026-1-14 15:53:46-debug: refresh db internal success
2026-1-14 15:53:46-debug: refresh db assets success
2026-1-14 15:53:46-debug: Run asset db hook engine-extends:afterRefresh ...
2026-1-14 15:53:46-debug: Run asset db hook engine-extends:afterRefresh success!
2026-1-14 15:53:46-debug: asset-db:refresh-all-database (52ms)
2026-1-14 15:53:46-debug: asset-db:worker-effect-data-processing (1ms)
2026-1-14 15:53:46-debug: asset-db-hook-engine-extends-afterRefresh (1ms)
2026-1-14 16:01:00-debug: refresh db internal success
2026-1-14 16:01:00-debug: refresh db assets success
2026-1-14 16:01:00-debug: Run asset db hook engine-extends:afterRefresh ...
2026-1-14 16:01:00-debug: Run asset db hook engine-extends:afterRefresh success!
2026-1-14 16:01:00-debug: asset-db:refresh-all-database (80ms)
2026-1-14 16:01:00-debug: asset-db:worker-effect-data-processing (1ms)
2026-1-14 16:01:00-debug: asset-db-hook-engine-extends-afterRefresh (2ms)
2026-1-14 16:01:50-debug: refresh db internal success
2026-1-14 16:01:50-debug: refresh db assets success
2026-1-14 16:01:50-debug: Run asset db hook engine-extends:afterRefresh ...
2026-1-14 16:01:50-debug: Run asset db hook engine-extends:afterRefresh success!
2026-1-14 16:01:50-debug: asset-db:refresh-all-database (43ms)
2026-1-14 16:01:50-debug: asset-db:worker-effect-data-processing (1ms)
2026-1-14 16:01:50-debug: asset-db-hook-engine-extends-afterRefresh (2ms)
2026-1-14 16:01:54-debug: refresh db internal success
2026-1-14 16:01:54-debug: refresh db assets success
2026-1-14 16:01:54-debug: Run asset db hook engine-extends:afterRefresh ...
2026-1-14 16:01:54-debug: Run asset db hook engine-extends:afterRefresh success!
2026-1-14 16:01:54-debug: asset-db:refresh-all-database (40ms)
2026-1-14 16:01:54-debug: asset-db-hook-engine-extends-afterRefresh (1ms)
2026-1-14 16:02:07-debug: refresh db internal success
2026-1-14 16:02:07-debug: refresh db assets success
2026-1-14 16:02:07-debug: Run asset db hook engine-extends:afterRefresh ...
2026-1-14 16:02:07-debug: Run asset db hook engine-extends:afterRefresh success!
2026-1-14 16:02:07-debug: asset-db:refresh-all-database (28ms)
2026-1-14 16:02:07-debug: asset-db:worker-effect-data-processing (1ms)
2026-1-14 16:02:07-debug: asset-db-hook-engine-extends-afterRefresh (1ms)
2026-1-14 16:02:39-debug: refresh db internal success
2026-1-14 16:02:39-debug: refresh db assets success
2026-1-14 16:02:39-debug: Run asset db hook engine-extends:afterRefresh ...
2026-1-14 16:02:39-debug: Run asset db hook engine-extends:afterRefresh success!
2026-1-14 16:02:39-debug: asset-db:refresh-all-database (33ms)
2026-1-14 16:02:39-debug: asset-db:worker-effect-data-processing (4ms)
2026-1-14 16:02:39-debug: asset-db-hook-engine-extends-afterRefresh (5ms)
2026-1-14 16:03:09-debug: refresh db internal success
2026-1-14 16:03:09-debug: refresh db assets success
2026-1-14 16:03:09-debug: Run asset db hook engine-extends:afterRefresh ...
2026-1-14 16:03:09-debug: Run asset db hook engine-extends:afterRefresh success!
2026-1-14 16:03:09-debug: asset-db:refresh-all-database (42ms)
2026-1-14 16:03:09-debug: asset-db:worker-effect-data-processing (1ms)
2026-1-14 16:03:09-debug: asset-db-hook-engine-extends-afterRefresh (2ms)
2026-1-14 16:03:24-debug: refresh db internal success
2026-1-14 16:03:24-debug: refresh db assets success
2026-1-14 16:03:24-debug: Run asset db hook engine-extends:afterRefresh ...
2026-1-14 16:03:24-debug: Run asset db hook engine-extends:afterRefresh success!
2026-1-14 16:03:24-debug: asset-db:refresh-all-database (38ms)
2026-1-14 16:03:24-debug: asset-db:worker-effect-data-processing (1ms)
2026-1-14 16:03:24-debug: asset-db-hook-engine-extends-afterRefresh (1ms)
2026-1-14 16:03:35-debug: refresh db internal success
2026-1-14 16:03:35-debug: refresh db assets success
2026-1-14 16:03:35-debug: Run asset db hook engine-extends:afterRefresh ...
2026-1-14 16:03:35-debug: Run asset db hook engine-extends:afterRefresh success!
2026-1-14 16:03:35-debug: asset-db:refresh-all-database (40ms)
2026-1-14 16:03:35-debug: asset-db:worker-effect-data-processing (1ms)
2026-1-14 16:03:35-debug: asset-db-hook-engine-extends-afterRefresh (1ms)
2026-1-14 16:03:42-debug: refresh db internal success
2026-1-14 16:03:42-debug: refresh db assets success
2026-1-14 16:03:42-debug: Run asset db hook engine-extends:afterRefresh ...
2026-1-14 16:03:42-debug: Run asset db hook engine-extends:afterRefresh success!
2026-1-14 16:03:42-debug: asset-db:refresh-all-database (33ms)
2026-1-14 16:03:42-debug: asset-db-hook-engine-extends-afterRefresh (1ms)
2026-1-14 16:03:56-debug: refresh db internal success
2026-1-14 16:03:56-debug: refresh db assets success
2026-1-14 16:03:56-debug: Run asset db hook engine-extends:afterRefresh ...
2026-1-14 16:03:56-debug: Run asset db hook engine-extends:afterRefresh success!
2026-1-14 16:03:56-debug: asset-db:refresh-all-database (36ms)
2026-1-14 16:03:56-debug: asset-db:worker-effect-data-processing (1ms)
2026-1-14 16:03:56-debug: asset-db-hook-engine-extends-afterRefresh (1ms)
2026-1-14 16:03:58-debug: refresh db internal success
2026-1-14 16:03:58-debug: refresh db assets success
2026-1-14 16:03:58-debug: Run asset db hook engine-extends:afterRefresh success!
2026-1-14 16:03:58-debug: Run asset db hook engine-extends:afterRefresh ...
2026-1-14 16:03:58-debug: asset-db:refresh-all-database (37ms)
2026-1-14 16:03:58-debug: asset-db:worker-effect-data-processing (1ms)
2026-1-14 16:03:58-debug: asset-db-hook-engine-extends-afterRefresh (1ms)
2026-1-14 16:04:07-debug: refresh db internal success
2026-1-14 16:04:07-debug: refresh db assets success
2026-1-14 16:04:07-debug: Run asset db hook engine-extends:afterRefresh ...
2026-1-14 16:04:07-debug: Run asset db hook engine-extends:afterRefresh success!
2026-1-14 16:04:07-debug: asset-db:refresh-all-database (43ms)
2026-1-14 16:04:07-debug: asset-db-hook-engine-extends-afterRefresh (2ms)
2026-1-14 16:04:07-debug: asset-db:worker-effect-data-processing (1ms)
2026-1-14 16:04:09-debug: Start record console... {file(/Users/mac/Desktop/PracticeNode/temp/builder/log/web-mobile1-11-2026 14-41.log)}
2026-1-14 16:04:09-debug: =================================== build Task (web-mobile) Start ================================
2026-1-14 16:04:09-debug: Start build task, options:{"name":"PracticeNode","server":"","engineModulesConfigKey":"defaultConfig","platform":"web-mobile","buildPath":"/Users/mac/Desktop/PracticeNode","debug":false,"buildMode":"normal","mangleProperties":false,"md5Cache":true,"skipCompressTexture":false,"sourceMaps":false,"overwriteProjectSettings":{"includeModules":{"gfx-webgl2":"on","physics":"inherit-project-setting","physics-2d":"inherit-project-setting"},"macroConfig":{"cleanupImageCache":"inherit-project-setting"}},"nativeCodeBundleMode":"both","polyfills":{"asyncFunctions":true},"experimentalEraseModules":false,"startSceneAssetBundle":false,"bundleConfigs":[],"inlineEnum":true,"useBuiltinServer":false,"md5CacheOptions":{"excludes":[],"includes":[],"replaceOnly":[],"handleTemplateMd5Link":true},"mainBundleIsRemote":false,"mainBundleCompressionType":"merge_dep","useSplashScreen":true,"bundleCommonChunk":false,"packAutoAtlas":true,"startScene":"90956332-636c-4645-ba33-b27726ac84d1","outputName":"public","taskName":"web-mobile","scenes":[{"url":"db://assets/scene/c1.scene","uuid":"90956332-636c-4645-ba33-b27726ac84d1"}],"wasmCompressionMode":false,"binGroupConfig":{"threshold":16,"enable":false},"packages":{"adsense-h5g-plugin":{"enableAdsense":false,"enableTestAd":false,"__version__":"1.0.1","AFPHostPropertyCode":"ca-host-pub-5396158963872751","AFPHostDomain":"douyougame.com","otherAFPHostPropertyCode":"","otherAFPDomain":""},"web-mobile":{"useWebGPU":false,"orientation":"portrait","embedWebDebugger":false,"__version__":"1.0.1"},"cocos-service":{"configID":"5368e5","services":[]}},"__version__":"1.3.9","logDest":"project://temp/builder/log/web-mobile1-11-2026 14-41.log"}
2026-1-14 16:04:09-debug: Build with Cocos Creator 3.8.8
2026-1-14 16:04:09-debug: cocos-service:(onBeforeBuild) start..., progress: 0%
2026-1-14 16:04:09-debug: // ---- build task cocos-service：onBeforeBuild ----
2026-1-14 16:04:09-debug: // ---- build task cocos-service：onBeforeBuild ---- (219ms)
2026-1-14 16:04:09-debug: // ---- build task scene：onBeforeBuild ----
2026-1-14 16:04:09-debug: scene:(onBeforeBuild) start..., progress: 2%
2026-1-14 16:04:09-debug: cocos-service:(onBeforeBuild) in 219 ms ✓, progress: 2%
2026-1-14 16:04:09-debug: // ---- build task scene：onBeforeBuild ---- (12ms)
2026-1-14 16:04:09-debug: Start lock asset db..., progress: 4%
2026-1-14 16:04:09-debug: Query all assets info in project
2026-1-14 16:04:09-debug: scene:(onBeforeBuild) in 12 ms ✓, progress: 4%
2026-1-14 16:04:09-log: Asset DB is paused with build!
2026-1-14 16:04:09-debug: init custom config: keepNodeUuid: false, useCache: true
2026-1-14 16:04:09-debug: web-mobile:(onAfterInit) start..., progress: 4%
2026-1-14 16:04:09-debug: // ---- build task web-mobile：onAfterInit ----
2026-1-14 16:04:09-debug: // ---- build task web-mobile：onAfterInit ---- (3ms)
2026-1-14 16:04:09-debug: web-mobile:(onAfterInit) in 3 ms ✓, progress: 5%
2026-1-14 16:04:09-debug: cocos-service:(onAfterInit) start..., progress: 5%
2026-1-14 16:04:09-debug: // ---- build task cocos-service：onAfterInit ----
2026-1-14 16:04:09-debug: // ---- build task cocos-service：onAfterInit ---- (193ms)
2026-1-14 16:04:09-debug: adsense-h5g-plugin:(onBeforeBundleInit) start..., progress: 0%
2026-1-14 16:04:09-debug: // ---- build task adsense-h5g-plugin：onBeforeBundleInit ----
2026-1-14 16:04:09-debug: adsense-h5g-plugin:(onBeforeBundleInit) start..., progress: 7%
2026-1-14 16:04:09-debug: cocos-service:(onAfterInit) in 193 ms ✓, progress: 7%
2026-1-14 16:04:09-debug: Skip compress image, progress: 0%
2026-1-14 16:04:09-debug: [adsense-h5g-plugin] remove script success
2026-1-14 16:04:09-debug: // ---- build task adsense-h5g-plugin：onBeforeBundleInit ---- (8ms)
2026-1-14 16:04:09-debug: adsense-h5g-plugin:(onBeforeBundleInit) in 8 ms ✓, progress: 7%
2026-1-14 16:04:09-debug: adsense-h5g-plugin:(onBeforeBundleInit) in 8 ms ✓, progress: 7%
2026-1-14 16:04:09-debug: Init all bundles start..., progress: 7%
2026-1-14 16:04:09-debug: web-mobile:(onAfterBundleInit) start..., progress: 7%
2026-1-14 16:04:09-debug: web-mobile:(onAfterBundleInit) start..., progress: 7%
2026-1-14 16:04:09-debug: // ---- build task web-mobile：onAfterBundleInit ----
2026-1-14 16:04:09-debug: Num of bundles: 2..., progress: 7%
2026-1-14 16:04:09-debug: Num of bundles: 2..., progress: 7%
2026-1-14 16:04:09-debug: Init all bundles start..., progress: 7%
2026-1-14 16:04:09-debug: // ---- build task web-mobile：onAfterBundleInit ---- (7ms)
2026-1-14 16:04:09-debug: web-mobile:(onAfterBundleInit) in 7 ms ✓, progress: 7%
2026-1-14 16:04:09-debug: web-mobile:(onAfterBundleInit) in 7 ms ✓, progress: 13%
2026-1-14 16:04:09-debug: // ---- build task 查询 Asset Bundle ----
2026-1-14 16:04:09-debug: 查询 Asset Bundle start, progress: 7%
2026-1-14 16:04:09-debug: Init bundle root assets start..., progress: 7%
2026-1-14 16:04:09-debug: Init bundle root assets start..., progress: 13%
2026-1-14 16:04:09-debug: Query preload assets/scripts from cc.config.json: 60f7195c-ec2a-45eb-ba94-8955f60e81d0,1c02ae6f-4492-4915-b8f8-7492a3b1e4cd,810e96e4-e456-4468-9b59-f4e8f39732c0,efe8e2a3-eace-427b-b4f1-cb8a937ec77d,e9aa9a3e-5b2b-4ac7-a2c7-073de2b2b24f,8bbdbcdd-5cd4-4100-b6d5-b7c9625b6107,50f4348b-c883-4e2f-8f11-ce233b859fa1,fda095cb-831d-4601-ad94-846013963de8,f92806d7-1768-443f-afe8-12bcde84d0f0,dd3a144d-ab7f-41f0-82b8-2e43a090d496,f0416e68-0200-4b77-a926-4f9d16e494da,970b0598-bcb0-4714-91fb-2e81440dccd8,bcd64cc6-2dd9-43f6-abbe-66318d332032,d930590d-bb92-4cc8-8bd1-23cd027f9edf,a3cd009f-0ab0-420d-9278-b9fdab939bbc,6a2d0734-bd9e-4ddf-946e-caa52498cb75,c27215d8-6835-4b68-bfbb-bdeac6100c04,b5d6115f-0370-4d7c-aad3-c194cc71cf98,871c3b6c-7379-419d-bda3-794b239ab90d,ff9b0199-ce04-4cfe-86cc-6c719f08d6e4,de1c2107-70c8-4021-8459-6399f24d01c6,cbf30902-517f-40dc-af90-a550bac27cf1,5c601d96-e4c7-4698-991b-7ee674b11079
2026-1-14 16:04:09-debug: Init bundle root assets success..., progress: 7%
2026-1-14 16:04:09-debug: Init bundle root assets success..., progress: 13%
2026-1-14 16:04:09-debug:   Number of all scripts: 9
2026-1-14 16:04:09-log: creating executor ...
2026-1-14 16:04:09-debug: reload all scripts.
2026-1-14 16:04:09-debug:   Number of other assets: 312
2026-1-14 16:04:09-debug:   Number of all scenes: 1
2026-1-14 16:04:09-debug: [[Executor]] reload before lock
2026-1-14 16:04:09-debug: Set detail map pack:///resolution-detail-map.json: {}
2026-1-14 16:04:09-debug: /Users/mac/Desktop/PracticeNode/temp/programming/packer-driver/targets/editor/chunks/93/93ba276ea7b26ffcdc433fab14afc1ed6f05647b.js resolved to /Users/mac/Desktop/PracticeNode/temp/programming/packer-driver/targets/editor/chunks/93/93ba276ea7b26ffcdc433fab14afc1ed6f05647b.js is not in module cache!
2026-1-14 16:04:09-debug: [[Executor]] Module "cce:/internal/x/cc-fu/base" loaded.
2026-1-14 16:04:09-debug: [[Executor]] Module "cce:/internal/x/cc-fu/gfx-webgl" loaded.
2026-1-14 16:04:09-debug: [[Executor]] Module "cce:/internal/x/cc-fu/gfx-webgl2" loaded.
2026-1-14 16:04:09-debug: [[Executor]] Module "cce:/internal/x/cc-fu/gfx-empty" loaded.
2026-1-14 16:04:09-debug: [[Executor]] Module "cce:/internal/x/cc-fu/gfx-webgpu" loaded.
2026-1-14 16:04:09-debug: [[Executor]] Module "cce:/internal/x/cc-fu/skeletal-animation" loaded.
2026-1-14 16:04:09-debug: [[Executor]] Module "cce:/internal/x/cc-fu/2d" loaded.
2026-1-14 16:04:09-debug: [[Executor]] Module "cce:/internal/x/cc-fu/sorting" loaded.
2026-1-14 16:04:09-debug: [[Executor]] Module "cce:/internal/x/cc-fu/rich-text" loaded.
2026-1-14 16:04:09-debug: [[Executor]] Module "cce:/internal/x/cc-fu/mask" loaded.
2026-1-14 16:04:09-debug: [[Executor]] Module "cce:/internal/x/cc-fu/graphics" loaded.
2026-1-14 16:04:09-debug: [[Executor]] Module "cce:/internal/x/cc-fu/ui" loaded.
2026-1-14 16:04:09-debug: [[Executor]] Module "cce:/internal/x/cc-fu/affine-transform" loaded.
2026-1-14 16:04:09-debug: [[Executor]] Module "cce:/internal/x/cc-fu/sorting-2d" loaded.
2026-1-14 16:04:09-debug: [[Executor]] Module "cce:/internal/x/cc-fu/particle" loaded.
2026-1-14 16:04:09-debug: [[Executor]] Module "cce:/internal/x/cc-fu/particle-2d" loaded.
2026-1-14 16:04:09-debug: [[Executor]] Module "cce:/internal/x/cc-fu/physics-framework" loaded.
2026-1-14 16:04:09-debug: [[Executor]] Module "cce:/internal/x/cc-fu/physics-cannon" loaded.
2026-1-14 16:04:09-debug: [[Executor]] Module "cce:/internal/x/cc-fu/physics-physx" loaded.
2026-1-14 16:04:09-debug: [[Executor]] Module "cce:/internal/x/cc-fu/physics-ammo" loaded.
2026-1-14 16:04:09-debug: [[Executor]] Module "cce:/internal/x/cc-fu/physics-builtin" loaded.
2026-1-14 16:04:09-debug: [[Executor]] Module "cce:/internal/x/cc-fu/physics-2d-framework" loaded.
2026-1-14 16:04:09-debug: [[Executor]] Module "cce:/internal/x/cc-fu/physics-2d-box2d-jsb" loaded.
2026-1-14 16:04:09-debug: [[Executor]] Module "cce:/internal/x/cc-fu/physics-2d-box2d" loaded.
2026-1-14 16:04:09-debug: [[Executor]] Module "cce:/internal/x/cc-fu/physics-2d-builtin" loaded.
2026-1-14 16:04:09-debug: [[Executor]] Module "cce:/internal/x/cc-fu/physics-2d-box2d-wasm" loaded.
2026-1-14 16:04:09-debug: [[Executor]] Module "cce:/internal/x/cc-fu/3d" loaded.
2026-1-14 16:04:09-debug: [[Executor]] Module "cce:/internal/x/cc-fu/primitive" loaded.
2026-1-14 16:04:09-debug: [[Executor]] Module "cce:/internal/x/cc-fu/profiler" loaded.
2026-1-14 16:04:09-debug: [[Executor]] Module "cce:/internal/x/cc-fu/geometry-renderer" loaded.
2026-1-14 16:04:09-debug: [[Executor]] Module "cce:/internal/x/cc-fu/audio" loaded.
2026-1-14 16:04:09-debug: [[Executor]] Module "cce:/internal/x/cc-fu/video" loaded.
2026-1-14 16:04:09-debug: [[Executor]] Module "cce:/internal/x/cc-fu/xr" loaded.
2026-1-14 16:04:09-debug: [[Executor]] Module "cce:/internal/x/cc-fu/light-probe" loaded.
2026-1-14 16:04:09-debug: [[Executor]] Module "cce:/internal/x/cc-fu/terrain" loaded.
2026-1-14 16:04:09-debug: [[Executor]] Module "cce:/internal/x/cc-fu/webview" loaded.
2026-1-14 16:04:09-debug: [[Executor]] Module "cce:/internal/x/cc-fu/tween" loaded.
2026-1-14 16:04:09-debug: [[Executor]] Module "cce:/internal/x/cc-fu/tiled-map" loaded.
2026-1-14 16:04:09-debug: [[Executor]] Module "cce:/internal/x/cc-fu/vendor-google" loaded.
2026-1-14 16:04:09-debug: [[Executor]] Module "cce:/internal/x/cc-fu/spine" loaded.
2026-1-14 16:04:09-debug: [[Executor]] Module "cce:/internal/x/cc-fu/dragon-bones" loaded.
2026-1-14 16:04:09-debug: [[Executor]] Module "cce:/internal/x/cc-fu/intersection-2d" loaded.
2026-1-14 16:04:09-debug: [[Executor]] Module "cce:/internal/x/cc-fu/ui-skew" loaded.
2026-1-14 16:04:09-debug: [[Executor]] Module "cce:/internal/x/cc-fu/legacy-pipeline" loaded.
2026-1-14 16:04:09-debug: [[Executor]] Module "cce:/internal/x/cc-fu/base" loaded.
2026-1-14 16:04:09-debug: [[Executor]] Module "cce:/internal/x/cc-fu/gfx-webgl" loaded.
2026-1-14 16:04:09-debug: [[Executor]] Module "cce:/internal/x/cc-fu/gfx-webgl2" loaded.
2026-1-14 16:04:09-debug: [[Executor]] Module "cce:/internal/x/cc-fu/gfx-empty" loaded.
2026-1-14 16:04:09-debug: [[Executor]] Module "cce:/internal/x/cc-fu/gfx-webgpu" loaded.
2026-1-14 16:04:09-debug: [[Executor]] Module "cce:/internal/x/cc-fu/3d" loaded.
2026-1-14 16:04:09-debug: [[Executor]] Module "cce:/internal/x/cc-fu/animation" loaded.
2026-1-14 16:04:09-debug: [[Executor]] Module "cce:/internal/x/cc-fu/skeletal-animation" loaded.
2026-1-14 16:04:09-debug: [[Executor]] Module "cce:/internal/x/cc-fu/2d" loaded.
2026-1-14 16:04:09-debug: [[Executor]] Module "cce:/internal/x/cc-fu/sorting" loaded.
2026-1-14 16:04:09-debug: [[Executor]] Module "cce:/internal/x/cc-fu/rich-text" loaded.
2026-1-14 16:04:09-debug: [[Executor]] Module "cce:/internal/x/cc-fu/mask" loaded.
2026-1-14 16:04:09-debug: [[Executor]] Module "cce:/internal/x/cc-fu/graphics" loaded.
2026-1-14 16:04:09-debug: [[Executor]] Module "cce:/internal/x/cc-fu/ui-skew" loaded.
2026-1-14 16:04:09-debug: [[Executor]] Module "cce:/internal/x/cc-fu/ui" loaded.
2026-1-14 16:04:09-debug: [[Executor]] Module "cce:/internal/x/cc-fu/affine-transform" loaded.
2026-1-14 16:04:09-debug: [[Executor]] Module "cce:/internal/x/cc-fu/sorting-2d" loaded.
2026-1-14 16:04:09-debug: [[Executor]] Module "cce:/internal/x/cc-fu/particle" loaded.
2026-1-14 16:04:09-debug: [[Executor]] Module "cce:/internal/x/cc-fu/custom-pipeline-post-process" loaded.
2026-1-14 16:04:09-debug: [[Executor]] Module "cce:/internal/x/cc-fu/physics-framework" loaded.
2026-1-14 16:04:09-debug: [[Executor]] Module "cce:/internal/x/cc-fu/physics-cannon" loaded.
2026-1-14 16:04:09-debug: [[Executor]] Module "cce:/internal/x/cc-fu/physics-ammo" loaded.
2026-1-14 16:04:09-debug: [[Executor]] Module "cce:/internal/x/cc-fu/physics-physx" loaded.
2026-1-14 16:04:09-debug: [[Executor]] Module "cce:/internal/x/cc-fu/physics-builtin" loaded.
2026-1-14 16:04:09-debug: [[Executor]] Module "cce:/internal/x/cc-fu/physics-2d-framework" loaded.
2026-1-14 16:04:09-debug: [[Executor]] Module "cce:/internal/x/cc-fu/physics-2d-box2d" loaded.
2026-1-14 16:04:09-debug: [[Executor]] Module "cce:/internal/x/cc-fu/physics-2d-builtin" loaded.
2026-1-14 16:04:09-debug: [[Executor]] Module "cce:/internal/x/cc-fu/physics-2d-box2d-wasm" loaded.
2026-1-14 16:04:09-debug: [[Executor]] Module "cce:/internal/x/cc-fu/intersection-2d" loaded.
2026-1-14 16:04:09-debug: [[Executor]] Module "cce:/internal/x/cc-fu/primitive" loaded.
2026-1-14 16:04:09-debug: [[Executor]] Module "cce:/internal/x/cc-fu/profiler" loaded.
2026-1-14 16:04:09-debug: [[Executor]] Module "cce:/internal/x/cc-fu/geometry-renderer" loaded.
2026-1-14 16:04:09-debug: [[Executor]] Module "cce:/internal/x/cc-fu/audio" loaded.
2026-1-14 16:04:09-debug: [[Executor]] Module "cce:/internal/x/cc-fu/custom-pipeline" loaded.
2026-1-14 16:04:09-debug: [[Executor]] Module "cce:/internal/x/cc-fu/xr" loaded.
2026-1-14 16:04:09-debug: [[Executor]] Module "cce:/internal/x/cc-fu/light-probe" loaded.
2026-1-14 16:04:09-debug: [[Executor]] Module "cce:/internal/x/cc-fu/terrain" loaded.
2026-1-14 16:04:09-debug: [[Executor]] Module "cce:/internal/x/cc-fu/webview" loaded.
2026-1-14 16:04:09-debug: [[Executor]] Module "cce:/internal/x/cc-fu/tween" loaded.
2026-1-14 16:04:09-debug: [[Executor]] Module "cce:/internal/x/cc-fu/tiled-map" loaded.
2026-1-14 16:04:09-debug: [[Executor]] Module "cce:/internal/x/cc-fu/dragon-bones" loaded.
2026-1-14 16:04:09-debug: [[Executor]] Module "cce:/internal/x/cc-fu/custom-pipeline" loaded.
2026-1-14 16:04:09-debug: [[Executor]] Module "cce:/internal/x/cc-fu/custom-pipeline-post-process" loaded.
2026-1-14 16:04:09-debug: [[Executor]] Module "cce:/internal/x/cc-fu/spine" loaded.
2026-1-14 16:04:09-debug: [[Executor]] Module "cce:/internal/x/cc-fu/legacy-pipeline" loaded.
2026-1-14 16:04:09-debug: [[Executor]] Module "cce:/internal/x/cc-fu/vendor-google" loaded.
2026-1-14 16:04:09-debug: [[Executor]] Module "cce:/internal/x/cc-fu/physics-2d-box2d-jsb" loaded.
2026-1-14 16:04:09-debug: [[Executor]] Module "pack:///chunks/93/93ba276ea7b26ffcdc433fab14afc1ed6f05647b.js" loaded.
2026-1-14 16:04:09-debug: [[Executor]] Module "cce:/internal/x/cc-fu/particle-2d" loaded.
2026-1-14 16:04:09-debug: Invalidating 'pack:///chunks/93/93ba276ea7b26ffcdc433fab14afc1ed6f05647b.js'
2026-1-14 16:04:09-debug: [[Executor]] Module "pack:///chunks/93/93ba276ea7b26ffcdc433fab14afc1ed6f05647b.js" loaded.
2026-1-14 16:04:09-debug: [[Executor]] Module "cce:/internal/x/cc-fu/animation" loaded.
2026-1-14 16:04:09-debug: [[Executor]] Module "cce:/internal/x/cc-fu/video" loaded.
2026-1-14 16:04:09-debug: /Users/mac/Desktop/PracticeNode/temp/programming/packer-driver/targets/editor/chunks/6d/6d8fd2b0177941b032ddc0733af48a561fb60657.js resolved to /Users/mac/Desktop/PracticeNode/temp/programming/packer-driver/targets/editor/chunks/6d/6d8fd2b0177941b032ddc0733af48a561fb60657.js is not in module cache!
2026-1-14 16:04:09-debug: [[Executor]] Module "pack:///chunks/6d/6d8fd2b0177941b032ddc0733af48a561fb60657.js" loaded.
2026-1-14 16:04:09-debug: /Users/mac/Desktop/PracticeNode/temp/programming/packer-driver/targets/editor/chunks/3a/3af2b99d9d250d0c94e80c615712be1d07b4cf47.js resolved to /Users/mac/Desktop/PracticeNode/temp/programming/packer-driver/targets/editor/chunks/3a/3af2b99d9d250d0c94e80c615712be1d07b4cf47.js is not in module cache!
2026-1-14 16:04:09-debug: /Users/mac/Desktop/PracticeNode/temp/programming/packer-driver/targets/editor/chunks/4f/4fd3d121a4e148a0cab634e8b8fe61cad0fda6b5.js resolved to /Users/mac/Desktop/PracticeNode/temp/programming/packer-driver/targets/editor/chunks/4f/4fd3d121a4e148a0cab634e8b8fe61cad0fda6b5.js is not in module cache!
2026-1-14 16:04:09-debug: /Users/mac/Desktop/PracticeNode/temp/programming/packer-driver/targets/editor/chunks/6a/6a5019a719a9014c047e67aa1cf34453ab8392ce.js resolved to /Users/mac/Desktop/PracticeNode/temp/programming/packer-driver/targets/editor/chunks/6a/6a5019a719a9014c047e67aa1cf34453ab8392ce.js is not in module cache!
2026-1-14 16:04:09-debug: /Users/mac/Desktop/PracticeNode/temp/programming/packer-driver/targets/editor/chunks/86/86b8638a66ab4c727e439f4d8cdd7595bd7cb611.js resolved to /Users/mac/Desktop/PracticeNode/temp/programming/packer-driver/targets/editor/chunks/86/86b8638a66ab4c727e439f4d8cdd7595bd7cb611.js is not in module cache!
2026-1-14 16:04:09-debug: /Users/mac/Desktop/PracticeNode/temp/programming/packer-driver/targets/editor/chunks/87/87c4b5d58115ee6102b02680ea6b39d34083b342.js resolved to /Users/mac/Desktop/PracticeNode/temp/programming/packer-driver/targets/editor/chunks/87/87c4b5d58115ee6102b02680ea6b39d34083b342.js is not in module cache!
2026-1-14 16:04:09-debug: /Users/mac/Desktop/PracticeNode/temp/programming/packer-driver/targets/editor/chunks/13/13619a4d60fbb6416edf8ba7ec0b195f2fcda55a.js resolved to /Users/mac/Desktop/PracticeNode/temp/programming/packer-driver/targets/editor/chunks/13/13619a4d60fbb6416edf8ba7ec0b195f2fcda55a.js is not in module cache!
2026-1-14 16:04:09-debug: [[Executor]] Module "cce:/internal/x/engine-export-to-editor/cc/editor/populate-internal-constants" loaded.
2026-1-14 16:04:09-debug: [[Executor]] Register BuiltinPipelineSettings
2026-1-14 16:04:09-debug: [[Executor]] Module "pack:///chunks/87/87c4b5d58115ee6102b02680ea6b39d34083b342.js" loaded.
2026-1-14 16:04:09-debug: [[Executor]] Module "pack:///chunks/86/86b8638a66ab4c727e439f4d8cdd7595bd7cb611.js" loaded.
2026-1-14 16:04:09-debug: [[Executor]] Register BuiltinPipelinePassBuilder
2026-1-14 16:04:09-debug: [[Executor]] Module "pack:///chunks/4f/4fd3d121a4e148a0cab634e8b8fe61cad0fda6b5.js" loaded.
2026-1-14 16:04:09-debug: [[Executor]] Register BuiltinDepthOfFieldPass
2026-1-14 16:04:09-debug: [[Executor]] Module "pack:///chunks/3a/3af2b99d9d250d0c94e80c615712be1d07b4cf47.js" loaded.
2026-1-14 16:04:09-debug: [[Executor]] Module "pack:///chunks/13/13619a4d60fbb6416edf8ba7ec0b195f2fcda55a.js" loaded.
2026-1-14 16:04:09-debug: [[Executor]] Module "cce:/internal/x/engine-export-to-editor/cc/editor/populate-internal-constants" loaded.
2026-1-14 16:04:09-debug: [[Executor]] Module "pack:///chunks/6a/6a5019a719a9014c047e67aa1cf34453ab8392ce.js" loaded.
2026-1-14 16:04:09-debug: /Users/mac/Desktop/PracticeNode/temp/programming/packer-driver/targets/editor/chunks/9c/9c8e4ae02cd522e18faba9e72e8803c8bdb97382.js resolved to /Users/mac/Desktop/PracticeNode/temp/programming/packer-driver/targets/editor/chunks/9c/9c8e4ae02cd522e18faba9e72e8803c8bdb97382.js is not in module cache!
2026-1-14 16:04:09-debug: [[Executor]] Register DebugViewRuntimeControl
2026-1-14 16:04:09-debug: [[Executor]] Module "pack:///chunks/9c/9c8e4ae02cd522e18faba9e72e8803c8bdb97382.js" loaded.
2026-1-14 16:04:09-debug: /Users/mac/Desktop/PracticeNode/temp/programming/packer-driver/targets/editor/chunks/f1/f14d2083f42bdb36b25535e1896bd8d8438b9771.js resolved to /Users/mac/Desktop/PracticeNode/temp/programming/packer-driver/targets/editor/chunks/f1/f14d2083f42bdb36b25535e1896bd8d8438b9771.js is not in module cache!
2026-1-14 16:04:09-debug: /Users/mac/Desktop/PracticeNode/temp/programming/packer-driver/targets/editor/chunks/99/99640dc1cb2dfbc266840bc9ffe7485f27ad9009.js resolved to /Users/mac/Desktop/PracticeNode/temp/programming/packer-driver/targets/editor/chunks/99/99640dc1cb2dfbc266840bc9ffe7485f27ad9009.js is not in module cache!
2026-1-14 16:04:09-debug: [[Executor]] Module "pack:///chunks/f1/f14d2083f42bdb36b25535e1896bd8d8438b9771.js" loaded.
2026-1-14 16:04:09-debug: [[Executor]] Register NetworkManager
2026-1-14 16:04:09-debug: [[Executor]] Module "pack:///chunks/99/99640dc1cb2dfbc266840bc9ffe7485f27ad9009.js" loaded.
2026-1-14 16:04:09-debug: [[Executor]] Register GameCtrl
2026-1-14 16:04:09-debug: /Users/mac/Desktop/PracticeNode/temp/programming/packer-driver/targets/editor/chunks/31/3145b3cf931f2a47f3e5de7222c8a5414950a97f.js resolved to /Users/mac/Desktop/PracticeNode/temp/programming/packer-driver/targets/editor/chunks/31/3145b3cf931f2a47f3e5de7222c8a5414950a97f.js is not in module cache!
2026-1-14 16:04:09-debug: [[Executor]] Register Leaderboard
2026-1-14 16:04:09-debug: [[Executor]] Module "pack:///chunks/31/3145b3cf931f2a47f3e5de7222c8a5414950a97f.js" loaded.
2026-1-14 16:04:09-debug: [[Executor]] Module "pack:///chunks/6d/6d8fd2b0177941b032ddc0733af48a561fb60657.js" loaded.
2026-1-14 16:04:09-debug: [[Executor]] after unlock
2026-1-14 16:04:09-debug: Init bundle share assets start..., progress: 13%
2026-1-14 16:04:09-debug: Init bundle share assets start..., progress: 7%
2026-1-14 16:04:09-debug: Incremental keys: regeneratorRuntime,b2jsb
2026-1-14 16:04:09-debug: Init bundle share assets success..., progress: 13%
2026-1-14 16:04:09-debug: Init bundle share assets success..., progress: 7%
2026-1-14 16:04:09-debug: handle json group in bundle internal
2026-1-14 16:04:09-debug: handle json group in bundle main success
2026-1-14 16:04:09-debug: init image compress task 0 in bundle main
2026-1-14 16:04:09-debug: handle json group in bundle main
2026-1-14 16:04:09-debug: handle json group in bundle internal success
2026-1-14 16:04:09-debug: init image compress task 0 in bundle internal
2026-1-14 16:04:09-debug: // ---- build task 查询 Asset Bundle ---- (99ms)
2026-1-14 16:04:09-debug: // ---- build task 查询 Asset Bundle ----
2026-1-14 16:04:09-debug: [Build Memory track]: 查询 Asset Bundle start:232.94MB, end 234.82MB, increase: 1.88MB
2026-1-14 16:04:09-debug: 查询 Asset Bundle start, progress: 12%
2026-1-14 16:04:09-log: run build task 查询 Asset Bundle success in 99 ms√, progress: 12%
2026-1-14 16:04:09-debug: // ---- build task 查询 Asset Bundle ---- (5ms)
2026-1-14 16:04:09-log: run build task 查询 Asset Bundle success in 5 ms√, progress: 17%
2026-1-14 16:04:09-debug: [Build Memory track]: 查询 Asset Bundle start:234.85MB, end 234.99MB, increase: 141.55KB
2026-1-14 16:04:09-debug: // ---- build task 打包脚本 ----
2026-1-14 16:04:09-debug: 打包脚本 start, progress: 17%
2026-1-14 16:04:10-log: [buildPolyfillsCommand]enter sub process 74966, 9229, see: chrome://inspect/#devices
2026-1-14 16:04:11-debug: execute-script-end with buildPolyfillsCommand 1678ms
2026-1-14 16:04:11-debug: Generate systemJs..., progress: 17%
2026-1-14 16:04:12-debug: execute-script-end with buildSystemJsCommand 1133ms
2026-1-14 16:04:12-debug: 构建项目脚本 start..., progress: 17%
2026-1-14 16:04:12-debug: 构建项目脚本 start..., progress: 13%
2026-1-14 16:04:13-log: [buildScriptCommand]Number of non-entry chunks: 2
2026-1-14 16:04:13-debug: execute-script-end with buildScriptCommand 1103ms
2026-1-14 16:04:13-debug: Copy externalScripts success!
2026-1-14 16:04:13-debug: 构建项目脚本 in (1138 ms) √, progress: 17%
2026-1-14 16:04:13-debug: 构建项目脚本 in (1138 ms) √, progress: 13%
2026-1-14 16:04:13-debug: 构建引擎脚本 start..., progress: 17%
2026-1-14 16:04:13-debug: mangleProperties is enabled, found engine-mangle-config.json, use it
2026-1-14 16:04:13-debug: Error: Exit process with code:null, signal:SIGTERM in task build-script    at ChildProcess.<anonymous> (/Applications/Cocos/Creator/3.8.8/CocosCreator.app/Contents/Resources/app.asar/builtin/builder/dist/worker/worker-pools/sub-process-manager.ccc:1:2409)    at ChildProcess.emit (node:events:519:28)    at Process.ChildProcess._handle.onexit (node:internal/child_process:294:12)
2026-1-14 16:04:13-debug: Use cache engine: {link(/var/folders/__/ffcc9r1113l4c8cd1z4m8tp80000gn/T/CocosCreator/3.8.8/builder/engine/a0943334bf31a676805343b74d4b14b8)}
2026-1-14 16:04:13-debug: Use cache, md5String: debug=false,sourceMaps=false,includeModules=["2d","affine-transform","animation","audio","base","custom-pipeline","dragon-bones","gfx-webgl","gfx-webgl2","graphics","intersection-2d","mask","particle-2d","physics-2d-builtin","profiler","rich-text","spine-3.8","tiled-map","tween","ui","video","webview","custom-pipeline-builtin-scripts"],engineVersion="3.8.8",platformType="HTML5",split=false,nativeCodeBundleMode="both",targets=undefined,entry="/Applications/Cocos/Creator/3.8.8/CocosCreator.app/Contents/Resources/resources/3d/engine",noDeprecatedFeatures=undefined,loose=true,assetURLFormat="runtime-resolved",flags={"DEBUG":false,"LOAD_BULLET_MANUALLY":false,"LOAD_SPINE_MANUALLY":false,"WEBGPU":false},preserveType=undefined,wasmCompressionMode=false,enableNamedRegisterForSystemJSModuleFormat=undefined,mangleProperties=false,inlineEnum=true,
2026-1-14 16:04:13-debug: Use cache, options: {  "entry": "/Applications/Cocos/Creator/3.8.8/CocosCreator.app/Contents/Resources/resources/3d/engine",  "debug": false,  "mangleProperties": false,  "inlineEnum": true,  "sourceMaps": false,  "includeModules": [    "2d",    "affine-transform",    "animation",    "audio",    "base",    "custom-pipeline",    "dragon-bones",    "gfx-webgl",    "gfx-webgl2",    "graphics",    "intersection-2d",    "mask",    "particle-2d",    "physics-2d-builtin",    "profiler",    "rich-text",    "spine-3.8",    "tiled-map",    "tween",    "ui",    "video",    "webview",    "custom-pipeline-builtin-scripts"  ],  "engineVersion": "3.8.8",  "md5Map": [],  "engineName": "cocos-js",  "output": "/Users/mac/Desktop/PracticeNode/public/cocos-js",  "platformType": "HTML5",  "useCache": true,  "nativeCodeBundleMode": "both",  "wasmCompressionMode": false,  "split": false,  "assetURLFormat": "runtime-resolved",  "flags": {    "DEBUG": false,    "LOAD_BULLET_MANUALLY": false,    "LOAD_SPINE_MANUALLY": false,    "WEBGPU": false  }}
2026-1-14 16:04:13-debug: 构建引擎脚本 in (54 ms) √, progress: 17%
2026-1-14 16:04:13-debug: Copy plugin script ..., progress: 17%
2026-1-14 16:04:13-debug: Generate import-map..., progress: 17%
2026-1-14 16:04:13-debug: // ---- build task 打包脚本 ---- (4016ms)
2026-1-14 16:04:13-log: run build task 打包脚本 success in 4 s√, progress: 22%
2026-1-14 16:04:13-debug: [Build Memory track]: 打包脚本 start:235.11MB, end 235.64MB, increase: 546.12KB
2026-1-14 16:04:13-debug: Pack Images start, progress: 22%
2026-1-14 16:04:13-debug: Pack Images start, progress: 13%
2026-1-14 16:04:13-debug: Number of pac assets: 1
2026-1-14 16:04:13-debug: No pack results
2026-1-14 16:04:13-debug: Compress image start..., progress: 22%
2026-1-14 16:04:13-debug: Compress image start..., progress: 13%
2026-1-14 16:04:13-debug: sort compress task {}
2026-1-14 16:04:13-debug: Num of all image compress task 0, really: 0, configTasks: 0
2026-1-14 16:04:13-debug: No image need to compress
2026-1-14 16:04:13-debug: Build Assets start, progress: 22%
2026-1-14 16:04:13-debug: Compress image success..., progress: 13%
2026-1-14 16:04:13-debug: Output asset in bundles start, progress: 22%
2026-1-14 16:04:13-debug: Output asset in bundles start, progress: 13%
2026-1-14 16:04:13-debug: Handle all json groups in bundle internal
2026-1-14 16:04:13-debug: handle json group
2026-1-14 16:04:13-debug: Compress image success..., progress: 22%
2026-1-14 16:04:13-debug: handle json group
2026-1-14 16:04:13-debug: Build bundles..., progress: 22%
2026-1-14 16:04:13-debug: Handle all json groups in bundle main
2026-1-14 16:04:13-debug: // ---- build task Build Assets ----
2026-1-14 16:04:13-debug: Json group(08f9694e0) compile success，json number: 6
2026-1-14 16:04:13-debug: Json group(028bd5d93) compile success，json number: 6
2026-1-14 16:04:13-debug: handle single json
2026-1-14 16:04:13-debug: Json group(04f923b60) compile success，json number: 6
2026-1-14 16:04:13-debug: handle single json
2026-1-14 16:04:13-debug: Output asset in bundles success, progress: 22%
2026-1-14 16:04:13-debug: Output asset in bundles success, progress: 13%
2026-1-14 16:04:13-debug: Output asset in bundles start, progress: 22%
2026-1-14 16:04:13-debug: Output asset in bundles start, progress: 13%
2026-1-14 16:04:13-debug: add md5 to bundle internal...
2026-1-14 16:04:13-debug: add md5 to bundle main...
2026-1-14 16:04:13-debug: add md5 to bundle internal success
2026-1-14 16:04:13-debug: compress config of bundle internal success
2026-1-14 16:04:13-debug: compress config of bundle internal...
2026-1-14 16:04:13-debug: output config of bundle internal
2026-1-14 16:04:13-debug: output config of bundle internal success
2026-1-14 16:04:13-debug: add md5 to bundle main success
2026-1-14 16:04:13-debug: output config of bundle main success
2026-1-14 16:04:13-debug: Output asset in bundles success, progress: 22%
2026-1-14 16:04:13-debug: Output asset in bundles success, progress: 13%
2026-1-14 16:04:13-debug: output config of bundle main
2026-1-14 16:04:13-debug: compress config of bundle main...
2026-1-14 16:04:13-debug: compress config of bundle main success
2026-1-14 16:04:13-debug: // ---- build task Build Assets ---- (69ms)
2026-1-14 16:04:13-debug: 整理部分构建选项内数据到 settings.json start, progress: 27%
2026-1-14 16:04:13-debug: [Build Memory track]: Build Assets start:235.68MB, end 239.85MB, increase: 4.17MB
2026-1-14 16:04:13-debug: // ---- build task 整理部分构建选项内数据到 settings.json ----
2026-1-14 16:04:13-log: run build task Build Assets success in 69 ms√, progress: 27%
2026-1-14 16:04:13-debug: // ---- build task 整理部分构建选项内数据到 settings.json ---- (6ms)
2026-1-14 16:04:13-debug: // ---- build task 填充脚本数据到 settings.json ----
2026-1-14 16:04:13-debug: [Build Memory track]: 整理部分构建选项内数据到 settings.json start:239.94MB, end 240.00MB, increase: 66.18KB
2026-1-14 16:04:13-debug: 填充脚本数据到 settings.json start, progress: 29%
2026-1-14 16:04:13-log: run build task 整理部分构建选项内数据到 settings.json success in 6 ms√, progress: 29%
2026-1-14 16:04:13-debug: // ---- build task 填充脚本数据到 settings.json ---- (7ms)
2026-1-14 16:04:13-log: run build task 填充脚本数据到 settings.json success in 7 ms√, progress: 31%
2026-1-14 16:04:13-debug: [Build Memory track]: 填充脚本数据到 settings.json start:240.05MB, end 240.11MB, increase: 67.69KB
2026-1-14 16:04:13-debug: 整理部分构建选项内数据到 settings.json start, progress: 31%
2026-1-14 16:04:13-debug: // ---- build task 整理部分构建选项内数据到 settings.json ----
2026-1-14 16:04:14-debug: // ---- build task 整理部分构建选项内数据到 settings.json ---- (11ms)
2026-1-14 16:04:14-log: run build task 整理部分构建选项内数据到 settings.json success in 11 ms√, progress: 32%
2026-1-14 16:04:14-debug: [Build Memory track]: 整理部分构建选项内数据到 settings.json start:240.15MB, end 240.33MB, increase: 179.53KB
2026-1-14 16:04:14-debug: web-mobile:(onBeforeCompressSettings) start..., progress: 32%
2026-1-14 16:04:14-debug: // ---- build task web-mobile：onBeforeCompressSettings ----
2026-1-14 16:04:14-debug: // ---- build task web-mobile：onBeforeCompressSettings ---- (6ms)
2026-1-14 16:04:14-debug: // ---- build task cocos-service：onBeforeCompressSettings ----
2026-1-14 16:04:14-debug: web-mobile:(onBeforeCompressSettings) in 6 ms ✓, progress: 34%
2026-1-14 16:04:14-debug: cocos-service:(onBeforeCompressSettings) start..., progress: 34%
2026-1-14 16:04:14-debug: // ---- build task cocos-service：onBeforeCompressSettings ---- (64ms)
2026-1-14 16:04:14-debug: cocos-service:(onBeforeCompressSettings) in 64 ms ✓, progress: 36%
2026-1-14 16:04:14-debug: 整理静态模板文件 start, progress: 36%
2026-1-14 16:04:14-debug: // ---- build task 整理静态模板文件 ----
2026-1-14 16:04:14-debug: // ---- build task 整理静态模板文件 ---- (74ms)
2026-1-14 16:04:14-debug: // ---- build task cocos-service：onAfterCompressSettings ----
2026-1-14 16:04:14-debug: [Build Memory track]: 整理静态模板文件 start:236.87MB, end 240.05MB, increase: 3.18MB
2026-1-14 16:04:14-debug: cocos-service:(onAfterCompressSettings) start..., progress: 41%
2026-1-14 16:04:14-log: run build task 整理静态模板文件 success in 74 ms√, progress: 41%
2026-1-14 16:04:14-debug: // ---- build task cocos-service：onAfterCompressSettings ---- (57ms)
2026-1-14 16:04:14-debug: cocos-service:(onAfterCompressSettings) in 57 ms ✓, progress: 43%
2026-1-14 16:04:14-debug: web-mobile:(onBeforeCopyBuildTemplate) start..., progress: 43%
2026-1-14 16:04:14-debug: // ---- build task web-mobile：onBeforeCopyBuildTemplate ----
2026-1-14 16:04:14-debug: // ---- build task web-mobile：onBeforeCopyBuildTemplate ---- (16ms)
2026-1-14 16:04:14-debug: // ---- build task 给所有的资源加上 MD5 后缀 ----
2026-1-14 16:04:14-debug: 给所有的资源加上 MD5 后缀 start, progress: 45%
2026-1-14 16:04:14-debug: web-mobile:(onBeforeCopyBuildTemplate) in 16 ms ✓, progress: 45%
2026-1-14 16:04:14-debug: add suffix to assets(9) success!
2026-1-14 16:04:14-debug: [Build Memory track]: 给所有的资源加上 MD5 后缀 start:240.21MB, end 240.78MB, increase: 587.29KB
2026-1-14 16:04:14-log: run build task 给所有的资源加上 MD5 后缀 success in 31 ms√, progress: 55%
2026-1-14 16:04:14-debug: // ---- build task 给所有的资源加上 MD5 后缀 ---- (31ms)
2026-1-14 16:04:14-debug: // ---- build task web-mobile：onAfterBuild ----
2026-1-14 16:04:14-debug: web-mobile:(onAfterBuild) start..., progress: 55%
2026-1-14 16:04:14-debug: // ---- build task web-mobile：onAfterBuild ---- (8ms)
2026-1-14 16:04:14-debug: web-mobile:(onAfterBuild) in 8 ms ✓, progress: 56%
2026-1-14 16:04:14-debug: // ---- build task cocos-service：onAfterBuild ----
2026-1-14 16:04:14-debug: cocos-service:(onAfterBuild) start..., progress: 56%
2026-1-14 16:04:14-debug: // ---- build task cocos-service：onAfterBuild ---- (72ms)
2026-1-14 16:04:14-debug: cocos-service:(onAfterBuild) in 72 ms ✓, progress: 58%
2026-1-14 16:04:14-debug: adsense-h5g-plugin:(onAfterBuild) start..., progress: 58%
2026-1-14 16:04:14-debug: // ---- build task adsense-h5g-plugin：onAfterBuild ----
2026-1-14 16:04:14-debug: // ---- build task adsense-h5g-plugin：onAfterBuild ---- (6ms)
2026-1-14 16:04:14-debug: adsense-h5g-plugin:(onAfterBuild) in 6 ms ✓, progress: 60%
2026-1-14 16:04:14-log: Asset DB is resume!
2026-1-14 16:04:14-debug: builder:build-project-total (5058ms)
2026-1-14 16:04:14-debug: build task(web-mobile) in 5058!
2026-1-14 16:04:14-debug: [Build Memory track]: builder:build-project-total start:232.62MB, end 227.46MB, increase: -5286.84KB
2026-1-14 16:04:14-debug: ================================ build Task (web-mobile) Finished in (5 s)ms ================================
2026-1-14 16:04:14-debug: Stop record console. {file(/Users/mac/Desktop/PracticeNode/temp/builder/log/web-mobile1-11-2026 14-41.log)}
2026-1-14 16:04:20-debug: refresh db internal success
2026-1-14 16:04:20-debug: refresh db assets success
2026-1-14 16:04:20-debug: Run asset db hook engine-extends:afterRefresh ...
2026-1-14 16:04:20-debug: Run asset db hook engine-extends:afterRefresh success!
2026-1-14 16:04:20-debug: asset-db:refresh-all-database (36ms)
2026-1-14 16:04:20-debug: asset-db-hook-engine-extends-afterRefresh (1ms)
2026-1-14 16:05:55-debug: refresh db internal success
2026-1-14 16:05:55-debug: refresh db assets success
2026-1-14 16:05:55-debug: Run asset db hook engine-extends:afterRefresh ...
2026-1-14 16:05:55-debug: Run asset db hook engine-extends:afterRefresh success!
2026-1-14 16:05:55-debug: asset-db:refresh-all-database (53ms)
2026-1-14 16:05:55-debug: asset-db:worker-effect-data-processing (1ms)
2026-1-14 16:05:55-debug: asset-db-hook-engine-extends-afterRefresh (3ms)
