2026-1-14 15:40:00-log: Cannot access game frame or container.
2026-1-14 15:40:02-debug: asset-db:require-engine-code (2407ms)
2026-1-14 15:40:02-log: meshopt wasm decoder initialized
2026-1-14 15:40:02-log: [box2d]:box2d wasm lib loaded.
2026-1-14 15:40:02-log: [bullet]:bullet wasm lib loaded.
2026-1-14 15:40:02-log: Cocos Creator v3.8.8
2026-1-14 15:40:02-log: Using legacy pipeline
2026-1-14 15:40:02-log: Forward render pipeline initialized.
2026-1-14 15:40:02-debug: [Assets Memory track]: asset-db:worker-init: initEngine start:29.85MB, end 122.12MB, increase: 92.28MB
2026-1-14 15:40:03-debug: [Assets Memory track]: asset-db:worker-init: initPlugin start:78.65MB, end 263.90MB, increase: 185.25MB
2026-1-14 15:40:03-debug: asset-db:worker-init: initPlugin (1181ms)
2026-1-14 15:40:03-debug: [Assets Memory track]: asset-db:worker-init start:29.84MB, end 264.00MB, increase: 234.17MB
2026-1-14 15:40:03-debug: Run asset db hook engine-extends:beforePreStart success!
2026-1-14 15:40:03-debug: Run asset db hook programming:beforePreStart success!
2026-1-14 15:40:03-debug: Run asset db hook engine-extends:beforePreStart ...
2026-1-14 15:40:03-debug: Run asset db hook programming:beforePreStart ...
2026-1-14 15:40:03-debug: asset-db:worker-init (3704ms)
2026-1-14 15:40:03-debug: asset-db-hook-programming-beforePreStart (51ms)
2026-1-14 15:40:03-debug: asset-db-hook-engine-extends-beforePreStart (51ms)
2026-1-14 15:40:03-debug: Preimport db internal success
2026-1-14 15:40:03-debug: Preimport db assets success
2026-1-14 15:40:03-debug: Run asset db hook programming:afterPreStart ...
2026-1-14 15:40:03-debug: starting packer-driver...
2026-1-14 15:40:03-debug: initialize scripting environment...
2026-1-14 15:40:03-debug: [[Executor]] prepare before lock
2026-1-14 15:40:03-debug: Set detail map pack:///resolution-detail-map.json: {}
2026-1-14 15:40:03-debug: [[Executor]] prepare after unlock
2026-1-14 15:40:03-debug: [Assets Memory track]: asset-db:worker-init: preStart start:264.02MB, end 267.05MB, increase: 3.03MB
2026-1-14 15:40:03-debug: Start up the 'internal' database...
2026-1-14 15:40:03-debug: Run asset db hook engine-extends:afterPreStart success!
2026-1-14 15:40:03-debug: Run asset db hook programming:afterPreStart success!
2026-1-14 15:40:03-debug: Run asset db hook engine-extends:afterPreStart ...
2026-1-14 15:40:04-debug: asset-db-hook-programming-afterPreStart (299ms)
2026-1-14 15:40:04-debug: asset-db:worker-effect-data-processing (174ms)
2026-1-14 15:40:04-debug: asset-db-hook-engine-extends-afterPreStart (174ms)
2026-1-14 15:40:04-debug: Run asset db hook engine-extends:afterStartDB ...
2026-1-14 15:40:04-debug: recompile effect.bin success
2026-1-14 15:40:04-debug: Run asset db hook engine-extends:afterStartDB success!
2026-1-14 15:40:04-debug: Start up the 'assets' database...
2026-1-14 15:40:04-debug: asset-db:worker-effect-data-processing (191ms)
2026-1-14 15:40:04-debug: asset-db-hook-engine-extends-afterStartDB (191ms)
2026-1-14 15:40:04-debug: Run asset db hook engine-extends:afterStartDB ...
2026-1-14 15:40:04-debug: recompile effect.bin success
2026-1-14 15:40:04-debug: lazy register asset handler directory
2026-1-14 15:40:04-debug: lazy register asset handler text
2026-1-14 15:40:04-debug: lazy register asset handler json
2026-1-14 15:40:04-debug: lazy register asset handler spine-data
2026-1-14 15:40:04-debug: lazy register asset handler dragonbones
2026-1-14 15:40:04-debug: lazy register asset handler dragonbones-atlas
2026-1-14 15:40:04-debug: lazy register asset handler terrain
2026-1-14 15:40:04-debug: lazy register asset handler javascript
2026-1-14 15:40:04-debug: lazy register asset handler typescript
2026-1-14 15:40:04-debug: lazy register asset handler scene
2026-1-14 15:40:04-debug: lazy register asset handler prefab
2026-1-14 15:40:04-debug: [Assets Memory track]: asset-db:worker-init: startup start:267.42MB, end 286.18MB, increase: 18.77MB
2026-1-14 15:40:04-debug: lazy register asset handler tiled-map
2026-1-14 15:40:04-debug: lazy register asset handler buffer
2026-1-14 15:40:04-debug: lazy register asset handler image
2026-1-14 15:40:04-debug: lazy register asset handler sign-image
2026-1-14 15:40:04-debug: lazy register asset handler alpha-image
2026-1-14 15:40:04-debug: lazy register asset handler texture
2026-1-14 15:40:04-debug: lazy register asset handler erp-texture-cube
2026-1-14 15:40:04-debug: lazy register asset handler *
2026-1-14 15:40:04-debug: lazy register asset handler texture-cube-face
2026-1-14 15:40:04-debug: lazy register asset handler rt-sprite-frame
2026-1-14 15:40:04-debug: lazy register asset handler render-texture
2026-1-14 15:40:04-debug: lazy register asset handler gltf
2026-1-14 15:40:04-debug: lazy register asset handler gltf-mesh
2026-1-14 15:40:04-debug: lazy register asset handler gltf-animation
2026-1-14 15:40:04-debug: lazy register asset handler gltf-skeleton
2026-1-14 15:40:04-debug: lazy register asset handler gltf-material
2026-1-14 15:40:04-debug: lazy register asset handler gltf-scene
2026-1-14 15:40:04-debug: lazy register asset handler gltf-embeded-image
2026-1-14 15:40:04-debug: lazy register asset handler fbx
2026-1-14 15:40:04-debug: lazy register asset handler material
2026-1-14 15:40:04-debug: lazy register asset handler physics-material
2026-1-14 15:40:04-debug: lazy register asset handler effect
2026-1-14 15:40:04-debug: lazy register asset handler effect-header
2026-1-14 15:40:04-debug: lazy register asset handler audio-clip
2026-1-14 15:40:04-debug: lazy register asset handler animation-clip
2026-1-14 15:40:04-debug: lazy register asset handler animation-graph
2026-1-14 15:40:04-debug: lazy register asset handler animation-graph-variant
2026-1-14 15:40:04-debug: lazy register asset handler animation-mask
2026-1-14 15:40:04-debug: lazy register asset handler ttf-font
2026-1-14 15:40:04-debug: lazy register asset handler bitmap-font
2026-1-14 15:40:04-debug: lazy register asset handler particle
2026-1-14 15:40:04-debug: lazy register asset handler sprite-atlas
2026-1-14 15:40:04-debug: lazy register asset handler auto-atlas
2026-1-14 15:40:04-debug: lazy register asset handler label-atlas
2026-1-14 15:40:04-debug: lazy register asset handler render-pipeline
2026-1-14 15:40:04-debug: lazy register asset handler render-stage
2026-1-14 15:40:04-debug: lazy register asset handler render-flow
2026-1-14 15:40:04-debug: lazy register asset handler instantiation-material
2026-1-14 15:40:04-debug: lazy register asset handler instantiation-mesh
2026-1-14 15:40:04-debug: lazy register asset handler instantiation-skeleton
2026-1-14 15:40:04-debug: lazy register asset handler instantiation-animation
2026-1-14 15:40:04-debug: lazy register asset handler video-clip
2026-1-14 15:40:04-debug: lazy register asset handler texture-cube
2026-1-14 15:40:04-debug: lazy register asset handler sprite-frame
2026-1-14 15:40:04-debug: Run asset db hook engine-extends:afterStartDB success!
2026-1-14 15:40:04-debug: asset-db:worker-effect-data-processing (153ms)
2026-1-14 15:40:04-debug: asset-db-hook-engine-extends-afterStartDB (154ms)
2026-1-14 15:40:04-debug: asset-db:start-database (766ms)
2026-1-14 15:40:04-debug: asset-db:ready (5862ms)
2026-1-14 15:40:04-debug: init worker message success
2026-1-14 15:40:04-debug: programming:execute-script (2ms)
2026-1-14 15:40:04-debug: [Build Memory track]: builder:worker-init start:290.10MB, end 299.23MB, increase: 9.14MB
2026-1-14 15:40:04-debug: builder:worker-init (221ms)
2026-1-14 15:40:06-debug: refresh db internal success
2026-1-14 15:40:06-debug: refresh db assets success
2026-1-14 15:40:06-debug: Run asset db hook engine-extends:afterRefresh success!
2026-1-14 15:40:06-debug: Run asset db hook engine-extends:afterRefresh ...
2026-1-14 15:40:06-debug: asset-db:refresh-all-database (39ms)
2026-1-14 15:40:06-debug: asset-db:worker-effect-data-processing (1ms)
2026-1-14 15:40:06-debug: asset-db-hook-engine-extends-afterRefresh (2ms)
